1523663648.942831 client started (46267): version 2.6, socket /private/tmp/tmux-1104655504/default, protocol 8
1523663648.942866 on Darwin 16.7.0 Darwin Kernel Version 16.7.0: Tue Jan 30 11:27:06 PST 2018; root:xnu-3789.73.11~1/RELEASE_X86_64; libevent 2.1.8-stable (select)
1523663648.942918 socket is /private/tmp/tmux-1104655504/default
1523663648.942937 trying connect
1523663648.943033 add peer 0x7fc2e001c800: 6 (0x0)
1523663648.944423 sending message 100 to peer 0x7fc2e001c800 (4 bytes)
1523663648.944436 sending message 101 to peer 0x7fc2e001c800 (16 bytes)
1523663648.944441 sending message 102 to peer 0x7fc2e001c800 (13 bytes)
1523663648.944445 sending message 108 to peer 0x7fc2e001c800 (44 bytes)
1523663648.944456 sending message 104 to peer 0x7fc2e001c800 (0 bytes)
1523663648.944460 sending message 107 to peer 0x7fc2e001c800 (4 bytes)
1523663648.944465 sending message 105 to peer 0x7fc2e001c800 (76 bytes)
1523663648.944469 sending message 105 to peer 0x7fc2e001c800 (40 bytes)
1523663648.944473 sending message 105 to peer 0x7fc2e001c800 (15 bytes)
1523663648.944477 sending message 105 to peer 0x7fc2e001c800 (20 bytes)
1523663648.944481 sending message 105 to peer 0x7fc2e001c800 (22 bytes)
1523663648.944485 sending message 105 to peer 0x7fc2e001c800 (21 bytes)
1523663648.944489 sending message 105 to peer 0x7fc2e001c800 (22 bytes)
1523663648.944493 sending message 105 to peer 0x7fc2e001c800 (61 bytes)
1523663648.944497 sending message 105 to peer 0x7fc2e001c800 (17 bytes)
1523663648.944501 sending message 105 to peer 0x7fc2e001c800 (21 bytes)
1523663648.944506 sending message 105 to peer 0x7fc2e001c800 (8 bytes)
1523663648.944510 sending message 105 to peer 0x7fc2e001c800 (17 bytes)
1523663648.944514 sending message 105 to peer 0x7fc2e001c800 (32 bytes)
1523663648.944518 sending message 105 to peer 0x7fc2e001c800 (33 bytes)
1523663648.944522 sending message 105 to peer 0x7fc2e001c800 (11 bytes)
1523663648.944526 sending message 105 to peer 0x7fc2e001c800 (140 bytes)
1523663648.944530 sending message 105 to peer 0x7fc2e001c800 (48 bytes)
1523663648.944534 sending message 105 to peer 0x7fc2e001c800 (24 bytes)
1523663648.944538 sending message 105 to peer 0x7fc2e001c800 (15 bytes)
1523663648.944543 sending message 105 to peer 0x7fc2e001c800 (8 bytes)
1523663648.944547 sending message 105 to peer 0x7fc2e001c800 (66 bytes)
1523663648.944551 sending message 105 to peer 0x7fc2e001c800 (21 bytes)
1523663648.944555 sending message 105 to peer 0x7fc2e001c800 (23 bytes)
1523663648.944559 sending message 105 to peer 0x7fc2e001c800 (27 bytes)
1523663648.944563 sending message 105 to peer 0x7fc2e001c800 (60 bytes)
1523663648.944567 sending message 105 to peer 0x7fc2e001c800 (57 bytes)
1523663648.944571 sending message 105 to peer 0x7fc2e001c800 (49 bytes)
1523663648.944575 sending message 105 to peer 0x7fc2e001c800 (13 bytes)
1523663648.944579 sending message 105 to peer 0x7fc2e001c800 (14 bytes)
1523663648.944583 sending message 105 to peer 0x7fc2e001c800 (14 bytes)
1523663648.944587 sending message 105 to peer 0x7fc2e001c800 (19 bytes)
1523663648.944592 sending message 105 to peer 0x7fc2e001c800 (31 bytes)
1523663648.944596 sending message 105 to peer 0x7fc2e001c800 (30 bytes)
1523663648.944600 sending message 105 to peer 0x7fc2e001c800 (22 bytes)
1523663648.944604 sending message 105 to peer 0x7fc2e001c800 (79 bytes)
1523663648.944608 sending message 105 to peer 0x7fc2e001c800 (43 bytes)
1523663648.944612 sending message 105 to peer 0x7fc2e001c800 (15 bytes)
1523663648.944616 sending message 105 to peer 0x7fc2e001c800 (15 bytes)
1523663648.944620 sending message 105 to peer 0x7fc2e001c800 (20 bytes)
1523663648.944624 sending message 105 to peer 0x7fc2e001c800 (21 bytes)
1523663648.944628 sending message 105 to peer 0x7fc2e001c800 (18 bytes)
1523663648.944632 sending message 105 to peer 0x7fc2e001c800 (34 bytes)
1523663648.944636 sending message 105 to peer 0x7fc2e001c800 (15 bytes)
1523663648.944640 sending message 105 to peer 0x7fc2e001c800 (15 bytes)
1523663648.944644 sending message 105 to peer 0x7fc2e001c800 (23 bytes)
1523663648.944649 sending message 105 to peer 0x7fc2e001c800 (17 bytes)
1523663648.944659 sending message 105 to peer 0x7fc2e001c800 (15 bytes)
1523663648.944664 sending message 105 to peer 0x7fc2e001c800 (14 bytes)
1523663648.944668 sending message 105 to peer 0x7fc2e001c800 (15 bytes)
1523663648.944672 sending message 105 to peer 0x7fc2e001c800 (17 bytes)
1523663648.944676 sending message 105 to peer 0x7fc2e001c800 (17 bytes)
1523663648.944680 sending message 105 to peer 0x7fc2e001c800 (15 bytes)
1523663648.944684 sending message 106 to peer 0x7fc2e001c800 (0 bytes)
1523663648.944691 sending message 200 to peer 0x7fc2e001c800 (4 bytes)
1523663648.944695 client loop enter
1523663648.944956 peer 0x7fc2e001c800 message 211
1523663648.944977 peer 0x7fc2e001c800 message 203
1523663648.944983 client loop exit
